[2018-08-20 11:29:16.980] [exthost1] [info] extension host started
[2018-08-20 11:29:17.025] [exthost1] [info] ExtensionService#_doActivateExtension vscode.debug-auto-launch {"startup":true,"activationEvent":"*"}
[2018-08-20 11:29:17.025] [exthost1] [info] ExtensionService#loadCommonJSModule /snap/vscode/51/usr/share/code/resources/app/extensions/debug-auto-launch/out/extension
[2018-08-20 11:29:17.073] [exthost1] [info] ExtensionService#_doActivateExtension vscode.emmet {"startup":true,"activationEvent":"*"}
[2018-08-20 11:29:17.073] [exthost1] [info] ExtensionService#loadCommonJSModule /snap/vscode/51/usr/share/code/resources/app/extensions/emmet/out/extension
[2018-08-20 11:29:17.365] [exthost1] [info] ExtensionService#_doActivateExtension vscode.git {"startup":true,"activationEvent":"*"}
[2018-08-20 11:29:17.365] [exthost1] [info] ExtensionService#loadCommonJSModule /snap/vscode/51/usr/share/code/resources/app/extensions/git/out/main
[2018-08-20 11:29:17.717] [exthost1] [info] ExtensionService#_doActivateExtension vscode.merge-conflict {"startup":true,"activationEvent":"*"}
[2018-08-20 11:29:17.717] [exthost1] [info] ExtensionService#loadCommonJSModule /snap/vscode/51/usr/share/code/resources/app/extensions/merge-conflict/out/extension
[2018-08-20 11:29:17.731] [exthost1] [info] ExtensionService#_doActivateExtension vscode.search-rg {"startup":true,"activationEvent":"*"}
[2018-08-20 11:29:17.731] [exthost1] [info] ExtensionService#loadCommonJSModule /snap/vscode/51/usr/share/code/resources/app/extensions/search-rg/out/extension
[2018-08-20 11:29:17.819] [exthost1] [info] eager extensions activated
[2018-08-20 11:29:31.738] [exthost1] [info] extension host started
[2018-08-20 11:29:31.790] [exthost1] [info] ExtensionService#_doActivateExtension vscode.debug-auto-launch {"startup":true,"activationEvent":"*"}
[2018-08-20 11:29:31.791] [exthost1] [info] ExtensionService#loadCommonJSModule /snap/vscode/51/usr/share/code/resources/app/extensions/debug-auto-launch/out/extension
[2018-08-20 11:29:31.807] [exthost1] [info] ExtensionService#_doActivateExtension vscode.emmet {"startup":true,"activationEvent":"*"}
[2018-08-20 11:29:31.807] [exthost1] [info] ExtensionService#loadCommonJSModule /snap/vscode/51/usr/share/code/resources/app/extensions/emmet/out/extension
[2018-08-20 11:29:31.863] [exthost1] [info] ExtensionService#_doActivateExtension vscode.git {"startup":true,"activationEvent":"*"}
[2018-08-20 11:29:31.863] [exthost1] [info] ExtensionService#loadCommonJSModule /snap/vscode/51/usr/share/code/resources/app/extensions/git/out/main
[2018-08-20 11:29:32.050] [exthost1] [info] ExtensionService#_doActivateExtension vscode.merge-conflict {"startup":true,"activationEvent":"*"}
[2018-08-20 11:29:32.050] [exthost1] [info] ExtensionService#loadCommonJSModule /snap/vscode/51/usr/share/code/resources/app/extensions/merge-conflict/out/extension
[2018-08-20 11:29:32.061] [exthost1] [info] ExtensionService#_doActivateExtension vscode.search-rg {"startup":true,"activationEvent":"*"}
[2018-08-20 11:29:32.061] [exthost1] [info] ExtensionService#loadCommonJSModule /snap/vscode/51/usr/share/code/resources/app/extensions/search-rg/out/extension
[2018-08-20 11:29:32.067] [exthost1] [info] eager extensions activated
[2018-08-20 11:29:41.713] [exthost1] [info] ExtensionService#_doActivateExtension vscode.html-language-features {"startup":false,"activationEvent":"onLanguage:html"}
[2018-08-20 11:29:41.713] [exthost1] [info] ExtensionService#loadCommonJSModule /snap/vscode/51/usr/share/code/resources/app/extensions/html-language-features/client/out/htmlMain
[2018-08-20 11:29:44.561] [exthost1] [info] ExtensionService#_doActivateExtension vscode.extension-editing {"startup":false,"activationEvent":"onLanguage:typescript"}
[2018-08-20 11:29:44.562] [exthost1] [info] ExtensionService#loadCommonJSModule /snap/vscode/51/usr/share/code/resources/app/extensions/extension-editing/out/extension
[2018-08-20 11:29:44.578] [exthost1] [info] ExtensionService#_doActivateExtension vscode.typescript-language-features {"startup":false,"activationEvent":"onLanguage:typescript"}
[2018-08-20 11:29:44.578] [exthost1] [info] ExtensionService#loadCommonJSModule /snap/vscode/51/usr/share/code/resources/app/extensions/typescript-language-features/out/extension
[2018-08-20 11:31:12.975] [exthost1] [info] ExtensionService#_doActivateExtension vscode.configuration-editing {"startup":false,"activationEvent":"onLanguage:jsonc"}
[2018-08-20 11:31:12.975] [exthost1] [info] ExtensionService#loadCommonJSModule /snap/vscode/51/usr/share/code/resources/app/extensions/configuration-editing/out/extension
[2018-08-20 11:31:13.103] [exthost1] [info] ExtensionService#_doActivateExtension vscode.json-language-features {"startup":false,"activationEvent":"onLanguage:jsonc"}
[2018-08-20 11:31:13.103] [exthost1] [info] ExtensionService#loadCommonJSModule /snap/vscode/51/usr/share/code/resources/app/extensions/json-language-features/client/out/jsonMain
